-------------------------------------------------------------------------------
Test set: za.co.absa.cib.trade.credit.test.CreditProcessTest
-------------------------------------------------------------------------------
Tests run: 1, Failures: 1, Errors: 0, Skipped: 0, Time elapsed: 0.016 sec <<< FAILURE! - in za.co.absa.cib.trade.credit.test.CreditProcessTest
test(za.co.absa.cib.trade.credit.test.CreditProcessTest)  Time elapsed: 0.016 sec  <<< FAILURE!
java.lang.AssertionError: expected:<INITIATED> but was:<INITIATED>
	at org.junit.Assert.fail(Assert.java:58)
	at org.junit.Assert.failNotEquals(Assert.java:259)
	at org.junit.Assert.assertEquals(Assert.java:80)
	at org.junit.Assert.assertEquals(Assert.java:88)
	at za.co.absa.cib.trade.credit.test.CreditProcessTest.test(CreditProcessTest.java:16)

